<?xml version="1.0" encoding="UTF-8"?>
<!-- Generated by org.testng.reporters.JUnitReportReporter -->
<testsuite hostname="DESKTOP-LG4283L" name="com.bhanupratap.cucumberFramework.ReturnTestNGMethod" tests="2" failures="0" timestamp="26 Nov 2019 09:32:17 GMT" time="0.012" errors="0">
  <testcase name="normalMethod" time="0.011" classname="com.bhanupratap.cucumberFramework.ReturnTestNGMethod"/>
  <testcase name="returnMethod" time="0.001" classname="com.bhanupratap.cucumberFramework.ReturnTestNGMethod"/>
</testsuite> <!-- com.bhanupratap.cucumberFramework.ReturnTestNGMethod -->
